AT+CMEE=2
OK
AT+CIPSHUT
SHUT OK
AT+CGATT=0
OK
AT+CGATT=1
OK
AT+CIPSHUT
SHUT OK
AT+CIPMUX=0
OK
AT+CSTT="wholesale"
OK
AT+CIICR
OK
AT+CIFSR
172.51.156.176
AT+CIPSTART="TCP","kwhstg.org","11002"
OK

CONNECT OK
AT+CIPSEND
> #STA:99002;TM:05/13/2018,03:02:01;C:86;V:0000;AD01:0.008974;AD02:0.010256;AD03:0.008974;AD04:0.765385;AD05:0.008974;AD06:0.008974;AD07:0.008974;AD11:25.875;AD12:26.187;PU01:12;PU02:352;PU03:0;DI:333000;DO:0000;#

SEND OK
@888
AT+CIPCLOSE
CLOSE OK
AT+CIPSHUT