capture: 0
datetime: 0
tstring: 0
past cmee
AT+CMEE=2
OK
AT+CIPSHUT
SHUT OK
AT+CGATT=0
OK
AT+CGATT=1
OK
AT+CIPMUX=0
OK
AT+CSTT="wholesale"
OK
AT+CIICR
OK
AT+CIFSR
22.82.122.90
AT+CIPSTART="TCP","kwhstg.org","11002"
OK

CONNECT OK
AT+CIPSEND
> #STA:99002;TM:12/06/2017,03:26:02;C:86;V:0000;AD01:0.001282;AD02:0.724359;AD03:0.001282;AD04:0.002564;AD05:3.278205;AD06:0.002564;PU01:0;PU02:0;PU03:0;PU04:0;PU05:0;PU06:0;DI:333000;DO:0000;#

SEND OK
@888
AT+CIPCLOSE
CLOSE OK
tcpSend: 0
