Wrote to sim: AT+CMGF=1

Bytes to read: 26
Sim response: 
SHUT OK
AT+CMGF=1
OK

Wrote to sim: AT+CMGL="ALL"

Bytes to read: 19
Sim response: AT+CMGL="ALL"
OK

Wrote to sim: AT+CMEE=2

Bytes to read: 15
Sim response: AT+CMEE=2
OK

Wrote to sim: AT+CIPSHUT

Bytes to read: 21
Sim response: AT+CIPSHUT
SHUT OK

Wrote to sim: AT+CGATT=0

Bytes to read: 10
Sim response: AT+CGATT=0
Wrote to sim: AT+CGATT=1

Bytes to read: 16
Sim response: 
OK
AT+CGATT=1
Wrote to sim: AT+CIPSHUT

Bytes to read: 27
Sim response: 
OK
AT+CIPSHUT
SHUT OK

Wrote to sim: AT+CIPMUX=0

Bytes to read: 17
Sim response: AT+CIPMUX=0
OK

Wrote to sim: AT+CSTT="wholesale"

Bytes to read: 25
Sim response: AT+CSTT="wholesale"
OK

Wrote to sim: AT+CIICR

Bytes to read: 14
Sim response: AT+CIICR
OK

